MPASM  5.46                          LAB2.ASM   5-21-2024  21:23:01         PAGE  1


LOC  OBJECT CODE     LINE SOURCE TEXT
  VALUE

                      00001 ;200316059 Ikram Celal KESKIN
                      00002 ;200316011 Musa Sina ERTUGRUL
                      00003 
Warning[205]: Found directive in column 1. (LIST)
                      00004 LIST P = PIC16F877A
                      00005 #INCLUDE <P16F877A.INC> 
                      00001         LIST
                      00002 
                      00003 ;==========================================================================
                      00004 ;  MPASM PIC16F877A processor include
                      00005 ; 
                      00006 ;  (c) Copyright 1999-2012 Microchip Technology, All rights reserved
                      00007 ;==========================================================================
                      00008 
                      00566         LIST
Warning[205]: Found directive in column 1. (__CONFIG)
2007   3F31           00006 __CONFIG H'3F31'
                      00007 
                      00008 #define RS PORTC,0 ; Lcd Data/Command
                      00009 #define RW PORTC,1 ; Read/Write Data
                      00010 #define EN PORTC,2 ; LCD Enable
                      00011 
  00000020            00012 S1              EQU 0X20        ; Delay var
  00000021            00013 S2              EQU 0X21        ; Delay var
  00000022            00014 TEMP            EQU 0X22        ; For Working Reg Back-up
  00000023            00015 CHAR            EQU 0X23        ; For Counter Display next char;
  00000024            00016 CHAR2           EQU     0X24
                      00017 ;First  Address--------------------------
Warning[205]: Found directive in column 1. (ORG)
0000                  00018 ORG             0x00
0000                  00019 START
                      00020 
Warning[203]: Found opcode in column 1. (CALL)
0000   202C           00021 CALL REG_INIT                   
Warning[203]: Found opcode in column 1. (CALL)
0001   2050           00022 CALL LCD_INIT
                      00023 
Warning[203]: Found opcode in column 1. (MOVLW)
0002   3080           00024 MOVLW   0x80
Warning[203]: Found opcode in column 1. (CALL)
0003   2059           00025 CALL    LCD_COMMAND
Warning[203]: Found opcode in column 1. (MOVLW)
0004   3001           00026 MOVLW   0X01
Warning[203]: Found opcode in column 1. (CALL)
0005   2059           00027 CALL    LCD_COMMAND
                      00028 
0006                  00029 POLL
Warning[203]: Found opcode in column 1. (BTFSS)
0006   1C06           00030 BTFSS   PORTB,0
Warning[203]: Found opcode in column 1. (GOTO)
0007   2806           00031 GOTO    POLL
Warning[203]: Found opcode in column 1. (CALL)
0008   200D           00032 CALL    WRITE_COUNTER
MPASM  5.46                          LAB2.ASM   5-21-2024  21:23:01         PAGE  2


LOC  OBJECT CODE     LINE SOURCE TEXT
  VALUE

Warning[203]: Found opcode in column 1. (CALL)
0009   2038           00033 CALL    PRINT
Warning[203]: Found opcode in column 1. (MOVLW)
000A   3002           00034 MOVLW   0X02
Warning[203]: Found opcode in column 1. (CALL)
000B   2059           00035 CALL    LCD_COMMAND
Warning[203]: Found opcode in column 1. (GOTO)
000C   2806           00036 GOTO    POLL
                      00037 
000D                  00038 WRITE_COUNTER
Warning[203]: Found opcode in column 1. (MOVLW)
000D   3043           00039 MOVLW   "C"
Warning[203]: Found opcode in column 1. (CALL)
000E   2064           00040 CALL    LCD_DATA
Warning[203]: Found opcode in column 1. (CALL)
000F   2029           00041 CALL    SHIFT_RIGHT
Warning[203]: Found opcode in column 1. (MOVLW)
0010   306F           00042 MOVLW   "o"
Warning[203]: Found opcode in column 1. (CALL)
0011   2064           00043 CALL    LCD_DATA
Warning[203]: Found opcode in column 1. (CALL)
0012   2029           00044 CALL    SHIFT_RIGHT
Warning[203]: Found opcode in column 1. (MOVLW)
0013   3075           00045 MOVLW   "u"
Warning[203]: Found opcode in column 1. (CALL)
0014   2064           00046 CALL    LCD_DATA
Warning[203]: Found opcode in column 1. (CALL)
0015   2029           00047 CALL    SHIFT_RIGHT
Warning[203]: Found opcode in column 1. (MOVLW)
0016   306E           00048 MOVLW   "n"
Warning[203]: Found opcode in column 1. (CALL)
0017   2064           00049 CALL    LCD_DATA
Warning[203]: Found opcode in column 1. (CALL)
0018   2029           00050 CALL    SHIFT_RIGHT
Warning[203]: Found opcode in column 1. (MOVLW)
0019   3074           00051 MOVLW   "t"
Warning[203]: Found opcode in column 1. (CALL)
001A   2064           00052 CALL    LCD_DATA
Warning[203]: Found opcode in column 1. (CALL)
001B   2029           00053 CALL    SHIFT_RIGHT
Warning[203]: Found opcode in column 1. (MOVLW)
001C   3065           00054 MOVLW   "e"
Warning[203]: Found opcode in column 1. (CALL)
001D   2064           00055 CALL    LCD_DATA
Warning[203]: Found opcode in column 1. (CALL)
001E   2029           00056 CALL    SHIFT_RIGHT
Warning[203]: Found opcode in column 1. (MOVLW)
001F   3072           00057 MOVLW   "r"
Warning[203]: Found opcode in column 1. (CALL)
0020   2064           00058 CALL    LCD_DATA
Warning[203]: Found opcode in column 1. (CALL)
0021   2029           00059 CALL    SHIFT_RIGHT
Warning[203]: Found opcode in column 1. (MOVLW)
MPASM  5.46                          LAB2.ASM   5-21-2024  21:23:01         PAGE  3


LOC  OBJECT CODE     LINE SOURCE TEXT
  VALUE

0022   303A           00060 MOVLW   ":"
Warning[203]: Found opcode in column 1. (CALL)
0023   2064           00061 CALL    LCD_DATA
Warning[203]: Found opcode in column 1. (CALL)
0024   2029           00062 CALL    SHIFT_RIGHT
Warning[203]: Found opcode in column 1. (RETURN)
0025   0008           00063 RETURN
                      00064 
0026                  00065 SHIFT_LEFT
Warning[203]: Found opcode in column 1. (MOVLW)
0026   3004           00066 MOVLW   0X04
Warning[203]: Found opcode in column 1. (CALL)
0027   2059           00067 CALL    LCD_COMMAND
Warning[203]: Found opcode in column 1. (RETURN)
0028   0008           00068 RETURN
                      00069 
0029                  00070 SHIFT_RIGHT
Warning[203]: Found opcode in column 1. (MOVLW)
0029   3006           00071 MOVLW   0X06
Warning[203]: Found opcode in column 1. (CALL)
002A   2059           00072 CALL    LCD_COMMAND
Warning[203]: Found opcode in column 1. (RETURN)
002B   0008           00073 RETURN
                      00074 
                      00075 ;TRIS REG Initialization for PORT A B C ----------------------------------------------
002C                  00076 REG_INIT
Warning[205]: Found directive in column 1. (BANKSEL)
002C   1683 1303      00077 BANKSEL TRISC
Warning[203]: Found opcode in column 1. (MOVLW)
002E   3001           00078 MOVLW   B'00000001'
Warning[203]: Found opcode in column 1. (MOVWF)
Message[302]: Register in operand not in bank 0.  Ensure that bank bits are correct.
002F   0086           00079 MOVWF   TRISB
Warning[203]: Found opcode in column 1. (CLRF)
Message[302]: Register in operand not in bank 0.  Ensure that bank bits are correct.
0030   0187           00080 CLRF    TRISC
Warning[203]: Found opcode in column 1. (CLRF)
Message[302]: Register in operand not in bank 0.  Ensure that bank bits are correct.
0031   0188           00081 CLRF    TRISD
Warning[205]: Found directive in column 1. (BANKSEL)
0032   1283 1303      00082 BANKSEL PORTD
Warning[203]: Found opcode in column 1. (CLRF)
0034   0188           00083 CLRF    PORTD
Warning[203]: Found opcode in column 1. (CLRF)
0035   0186           00084 CLRF    PORTB
Warning[203]: Found opcode in column 1. (CLRF)
0036   01A3           00085 CLRF    CHAR
Warning[203]: Found opcode in column 1. (RETURN)
0037   0008           00086 RETURN
                      00087 ;For Printing Char on LCD Display----------------------------------------------------
0038                  00088 PRINT
Warning[205]: Found directive in column 1. (BANKSEL)
0038   1283 1303      00089 BANKSEL CHAR
MPASM  5.46                          LAB2.ASM   5-21-2024  21:23:01         PAGE  4


LOC  OBJECT CODE     LINE SOURCE TEXT
  VALUE

Warning[203]: Found opcode in column 1. (BCF)
003A   1003           00090 BCF             STATUS,C
Warning[203]: Found opcode in column 1. (MOVLW)
003B   300A           00091 MOVLW   D'10'
Warning[203]: Found opcode in column 1. (SUBWF)
003C   0224           00092 SUBWF   CHAR2,W
Warning[203]: Found opcode in column 1. (BTFSS)
003D   1C03           00093 BTFSS   STATUS,C
Warning[203]: Found opcode in column 1. (GOTO)
003E   2840           00094 GOTO    PRINT2
Warning[203]: Found opcode in column 1. (CLRF)
003F   01A4           00095 CLRF    CHAR2
0040                  00096 PRINT2
Warning[203]: Found opcode in column 1. (MOVLW)
0040   3030           00097 MOVLW   "0"
Warning[203]: Found opcode in column 1. (ADDWF)
0041   0723           00098 ADDWF   CHAR,0
Warning[203]: Found opcode in column 1. (CALL)
0042   2064           00099 CALL    LCD_DATA
Warning[203]: Found opcode in column 1. (CALL)
0043   2029           00100 CALL    SHIFT_RIGHT
Warning[203]: Found opcode in column 1. (MOVLW)
0044   3030           00101 MOVLW   "0"
Warning[203]: Found opcode in column 1. (ADDWF)
0045   0724           00102 ADDWF   CHAR2,0
Warning[203]: Found opcode in column 1. (CALL)
0046   2064           00103 CALL    LCD_DATA
Warning[203]: Found opcode in column 1. (CALL)
0047   2029           00104 CALL    SHIFT_RIGHT
Warning[203]: Found opcode in column 1. (INCF)
Message[305]: Using default destination of 1 (file).
0048   0AA4           00105 INCF    CHAR2
Warning[203]: Found opcode in column 1. (BCF)
0049   1003           00106 BCF             STATUS,C
Warning[203]: Found opcode in column 1. (MOVLW)
004A   300A           00107 MOVLW   D'10'
Warning[203]: Found opcode in column 1. (SUBWF)
004B   0224           00108 SUBWF   CHAR2,W
Warning[203]: Found opcode in column 1. (BTFSS)
004C   1C03           00109 BTFSS   STATUS,C
Warning[203]: Found opcode in column 1. (RETURN)
004D   0008           00110 RETURN
Warning[203]: Found opcode in column 1. (INCF)
Message[305]: Using default destination of 1 (file).
004E   0AA3           00111 INCF    CHAR
Warning[203]: Found opcode in column 1. (RETURN)
004F   0008           00112 RETURN
                      00113 ;For LCD Display Initialization-------------------------------------------------------
0050                  00114 LCD_INIT
Warning[203]: Found opcode in column 1. (MOVLW)
0050   3038           00115 MOVLW   0X38                    
Warning[203]: Found opcode in column 1. (CALL)
0051   2059           00116 CALL    LCD_COMMAND
MPASM  5.46                          LAB2.ASM   5-21-2024  21:23:01         PAGE  5


LOC  OBJECT CODE     LINE SOURCE TEXT
  VALUE

Warning[203]: Found opcode in column 1. (MOVLW)
0052   3006           00117 MOVLW   0X06
Warning[203]: Found opcode in column 1. (CALL)
0053   2059           00118 CALL    LCD_COMMAND
Warning[203]: Found opcode in column 1. (MOVLW)
0054   300E           00119 MOVLW   0X0E
Warning[203]: Found opcode in column 1. (CALL)
0055   2059           00120 CALL    LCD_COMMAND
Warning[203]: Found opcode in column 1. (MOVLW)
0056   3001           00121 MOVLW   0X01
Warning[203]: Found opcode in column 1. (CALL)
0057   2059           00122 CALL    LCD_COMMAND
Warning[203]: Found opcode in column 1. (RETURN)
0058   0008           00123 RETURN
                      00124 ;--------------------------------------------------------------------------------------
0059                  00125 LCD_COMMAND
Warning[203]: Found opcode in column 1. (BCF)
0059   1007           00126 BCF             RS
Warning[203]: Found opcode in column 1. (BCF)
005A   1087           00127 BCF             RW
Warning[203]: Found opcode in column 1. (BSF)
005B   1507           00128 BSF             EN
Warning[203]: Found opcode in column 1. (MOVWF)
005C   00A2           00129 MOVWF   TEMP
Warning[203]: Found opcode in column 1. (CALL)
005D   206F           00130 CALL    DELAY
Warning[204]: Found pseudo-op in column 1. (MOVFW)
005E   0822           00131 MOVFW   TEMP
Warning[205]: Found directive in column 1. (BANKSEL)
005F   1283 1303      00132 BANKSEL PORTD
Warning[203]: Found opcode in column 1. (MOVWF)
0061   0088           00133 MOVWF   PORTD
Warning[203]: Found opcode in column 1. (BCF)
0062   1107           00134 BCF             EN
Warning[203]: Found opcode in column 1. (RETURN)
0063   0008           00135 RETURN
                      00136 ;----------------------------------------------------------------------------------
0064                  00137 LCD_DATA
Warning[203]: Found opcode in column 1. (BSF)
0064   1407           00138 BSF             RS
Warning[203]: Found opcode in column 1. (BCF)
0065   1087           00139 BCF             RW
Warning[203]: Found opcode in column 1. (BSF)
0066   1507           00140 BSF             EN
Warning[203]: Found opcode in column 1. (MOVWF)
0067   00A2           00141 MOVWF           TEMP
Warning[203]: Found opcode in column 1. (CALL)
0068   206F           00142 CALL            DELAY
Warning[204]: Found pseudo-op in column 1. (MOVFW)
0069   0822           00143 MOVFW           TEMP
Warning[205]: Found directive in column 1. (BANKSEL)
006A   1283 1303      00144 BANKSEL         PORTD
Warning[203]: Found opcode in column 1. (MOVWF)
MPASM  5.46                          LAB2.ASM   5-21-2024  21:23:01         PAGE  6


LOC  OBJECT CODE     LINE SOURCE TEXT
  VALUE

006C   0088           00145 MOVWF           PORTD
Warning[203]: Found opcode in column 1. (BCF)
006D   1107           00146 BCF             EN
Warning[203]: Found opcode in column 1. (RETURN)
006E   0008           00147 RETURN
                      00148 ;------------FOR DELAY-----------
006F                  00149 DELAY
Warning[203]: Found opcode in column 1. (MOVLW)
006F   30FF           00150 MOVLW 0XFF
Warning[203]: Found opcode in column 1. (MOVWF)
0070   00A0           00151 MOVWF S1
0071                  00152 L1
0071   30FF           00153         MOVLW 0XFF
0072   00A1           00154         MOVWF S2
Warning[207]: Found label after column 1. (L2)
0073                  00155         L2
Message[305]: Using default destination of 1 (file).
0073   0BA1           00156                 DECFSZ S2
0074   2873           00157                 GOTO   L2
Message[305]: Using default destination of 1 (file).
0075   0BA0           00158         DECFSZ S1
0076   2871           00159         GOTO   L1
Warning[203]: Found opcode in column 1. (RETURN)
0077   0008           00160 RETURN  
                      00161 
Warning[205]: Found directive in column 1. (END)
                      00162 END
MPASM  5.46                          LAB2.ASM   5-21-2024  21:23:01         PAGE  7


SYMBOL TABLE
  LABEL                             VALUE 

ACKDT                             00000005
ACKEN                             00000004
ACKSTAT                           00000006
ADCON0                            0000001F
ADCON1                            0000009F
ADCS0                             00000006
ADCS1                             00000007
ADCS2                             00000006
ADDEN                             00000003
ADFM                              00000007
ADIE                              00000006
ADIF                              00000006
ADON                              00000000
ADRESH                            0000001E
ADRESL                            0000009E
BCLIE                             00000003
BCLIF                             00000003
BF                                00000000
BRGH                              00000002
C                                 00000000
C1INV                             00000004
C1OUT                             00000006
C2INV                             00000005
C2OUT                             00000007
CCP1CON                           00000017
CCP1IE                            00000002
CCP1IF                            00000002
CCP1M0                            00000000
CCP1M1                            00000001
CCP1M2                            00000002
CCP1M3                            00000003
CCP1X                             00000005
CCP1Y                             00000004
CCP2CON                           0000001D
CCP2IE                            00000000
CCP2IF                            00000000
CCP2M0                            00000000
CCP2M1                            00000001
CCP2M2                            00000002
CCP2M3                            00000003
CCP2X                             00000005
CCP2Y                             00000004
CCPR1                             00000015
CCPR1H                            00000016
CCPR1L                            00000015
CCPR2                             0000001B
CCPR2H                            0000001C
CCPR2L                            0000001B
CHAR                              00000023
CHAR2                             00000024
CHS0                              00000003
CHS1                              00000004
CHS2                              00000005
MPASM  5.46                          LAB2.ASM   5-21-2024  21:23:01         PAGE  8


SYMBOL TABLE
  LABEL                             VALUE 

CIS                               00000003
CKE                               00000006
CKP                               00000004
CM0                               00000000
CM1                               00000001
CM2                               00000002
CMCON                             0000009C
CMIE                              00000006
CMIF                              00000006
CREN                              00000004
CSRC                              00000007
CVR0                              00000000
CVR1                              00000001
CVR2                              00000002
CVR3                              00000003
CVRCON                            0000009D
CVREN                             00000007
CVROE                             00000006
CVRR                              00000005
D                                 00000005
DATA_ADDRESS                      00000005
DC                                00000001
DELAY                             0000006F
D_A                               00000005
D_NOT_A                           00000005
EEADR                             0000010D
EEADRH                            0000010F
EECON1                            0000018C
EECON2                            0000018D
EEDATA                            0000010C
EEDATH                            0000010E
EEIE                              00000004
EEIF                              00000004
EEPGD                             00000007
EN                                PORTC,2
F                                 00000001
FERR                              00000002
FSR                               00000004
GCEN                              00000007
GIE                               00000007
GO                                00000002
GO_DONE                           00000002
GO_NOT_DONE                       00000002
I2C_DATA                          00000005
I2C_READ                          00000002
I2C_START                         00000003
I2C_STOP                          00000004
IBF                               00000007
IBOV                              00000005
INDF                              00000000
INTCON                            0000000B
INTE                              00000004
INTEDG                            00000006
MPASM  5.46                          LAB2.ASM   5-21-2024  21:23:01         PAGE  9


SYMBOL TABLE
  LABEL                             VALUE 

INTF                              00000001
IRP                               00000007
L1                                00000071
L2                                00000073
LCD_COMMAND                       00000059
LCD_DATA                          00000064
LCD_INIT                          00000050
NOT_A                             00000005
NOT_ADDRESS                       00000005
NOT_BO                            00000000
NOT_BOR                           00000000
NOT_DONE                          00000002
NOT_PD                            00000003
NOT_POR                           00000001
NOT_RBPU                          00000007
NOT_RC8                           00000006
NOT_T1SYNC                        00000002
NOT_TO                            00000004
NOT_TX8                           00000006
NOT_W                             00000002
NOT_WRITE                         00000002
OBF                               00000006
OERR                              00000001
OPTION_REG                        00000081
P                                 00000004
PCFG0                             00000000
PCFG1                             00000001
PCFG2                             00000002
PCFG3                             00000003
PCL                               00000002
PCLATH                            0000000A
PCON                              0000008E
PEIE                              00000006
PEN                               00000002
PIE1                              0000008C
PIE2                              0000008D
PIR1                              0000000C
PIR2                              0000000D
POLL                              00000006
PORTA                             00000005
PORTB                             00000006
PORTC                             00000007
PORTD                             00000008
PORTE                             00000009
PR2                               00000092
PRINT                             00000038
PRINT2                            00000040
PS0                               00000000
PS1                               00000001
PS2                               00000002
PSA                               00000003
PSPIE                             00000007
PSPIF                             00000007
MPASM  5.46                          LAB2.ASM   5-21-2024  21:23:01         PAGE 10


SYMBOL TABLE
  LABEL                             VALUE 

PSPMODE                           00000004
R                                 00000002
RA0                               00000000
RA1                               00000001
RA2                               00000002
RA3                               00000003
RA4                               00000004
RA5                               00000005
RB0                               00000000
RB1                               00000001
RB2                               00000002
RB3                               00000003
RB4                               00000004
RB5                               00000005
RB6                               00000006
RB7                               00000007
RBIE                              00000003
RBIF                              00000000
RC0                               00000000
RC1                               00000001
RC2                               00000002
RC3                               00000003
RC4                               00000004
RC5                               00000005
RC6                               00000006
RC7                               00000007
RC8_9                             00000006
RC9                               00000006
RCD8                              00000000
RCEN                              00000003
RCIE                              00000005
RCIF                              00000005
RCREG                             0000001A
RCSTA                             00000018
RD                                00000000
RD0                               00000000
RD1                               00000001
RD2                               00000002
RD3                               00000003
RD4                               00000004
RD5                               00000005
RD6                               00000006
RD7                               00000007
RE0                               00000000
RE1                               00000001
RE2                               00000002
READ_WRITE                        00000002
REG_INIT                          0000002C
RP0                               00000005
RP1                               00000006
RS                                PORTC,0
RSEN                              00000001
RW                                PORTC,1
MPASM  5.46                          LAB2.ASM   5-21-2024  21:23:01         PAGE 11


SYMBOL TABLE
  LABEL                             VALUE 

RX9                               00000006
RX9D                              00000000
R_NOT_W                           00000002
R_W                               00000002
S                                 00000003
S1                                00000020
S2                                00000021
SEN                               00000000
SHIFT_LEFT                        00000026
SHIFT_RIGHT                       00000029
SMP                               00000007
SPBRG                             00000099
SPEN                              00000007
SREN                              00000005
SSPADD                            00000093
SSPBUF                            00000013
SSPCON                            00000014
SSPCON2                           00000091
SSPEN                             00000005
SSPIE                             00000003
SSPIF                             00000003
SSPM0                             00000000
SSPM1                             00000001
SSPM2                             00000002
SSPM3                             00000003
SSPOV                             00000006
SSPSTAT                           00000094
START                             00000000
STATUS                            00000003
SYNC                              00000004
T0CS                              00000005
T0IE                              00000005
T0IF                              00000002
T0SE                              00000004
T1CKPS0                           00000004
T1CKPS1                           00000005
T1CON                             00000010
T1INSYNC                          00000002
T1OSCEN                           00000003
T1SYNC                            00000002
T2CKPS0                           00000000
T2CKPS1                           00000001
T2CON                             00000012
TEMP                              00000022
TMR0                              00000001
TMR0IE                            00000005
TMR0IF                            00000002
TMR1                              0000000E
TMR1CS                            00000001
TMR1H                             0000000F
TMR1IE                            00000000
TMR1IF                            00000000
TMR1L                             0000000E
MPASM  5.46                          LAB2.ASM   5-21-2024  21:23:01         PAGE 12


SYMBOL TABLE
  LABEL                             VALUE 

TMR1ON                            00000000
TMR2                              00000011
TMR2IE                            00000001
TMR2IF                            00000001
TMR2ON                            00000002
TOUTPS0                           00000003
TOUTPS1                           00000004
TOUTPS2                           00000005
TOUTPS3                           00000006
TRISA                             00000085
TRISA0                            00000000
TRISA1                            00000001
TRISA2                            00000002
TRISA3                            00000003
TRISA4                            00000004
TRISA5                            00000005
TRISB                             00000086
TRISB0                            00000000
TRISB1                            00000001
TRISB2                            00000002
TRISB3                            00000003
TRISB4                            00000004
TRISB5                            00000005
TRISB6                            00000006
TRISB7                            00000007
TRISC                             00000087
TRISC0                            00000000
TRISC1                            00000001
TRISC2                            00000002
TRISC3                            00000003
TRISC4                            00000004
TRISC5                            00000005
TRISC6                            00000006
TRISC7                            00000007
TRISD                             00000088
TRISD0                            00000000
TRISD1                            00000001
TRISD2                            00000002
TRISD3                            00000003
TRISD4                            00000004
TRISD5                            00000005
TRISD6                            00000006
TRISD7                            00000007
TRISE                             00000089
TRISE0                            00000000
TRISE1                            00000001
TRISE2                            00000002
TRMT                              00000001
TX8_9                             00000006
TX9                               00000006
TX9D                              00000000
TXD8                              00000000
TXEN                              00000005
MPASM  5.46                          LAB2.ASM   5-21-2024  21:23:01         PAGE 13


SYMBOL TABLE
  LABEL                             VALUE 

TXIE                              00000004
TXIF                              00000004
TXREG                             00000019
TXSTA                             00000098
UA                                00000001
W                                 00000000
WCOL                              00000007
WR                                00000001
WREN                              00000002
WRERR                             00000003
WRITE_COUNTER                     0000000D
Z                                 00000002
_BODEN_OFF                        00003FBF
_BODEN_ON                         00003FFF
_BOREN_OFF                        00003FBF
_BOREN_ON                         00003FFF
_CONFIG                           00002007
_CPD_OFF                          00003FFF
_CPD_ON                           00003EFF
_CP_ALL                           00001FFF
_CP_OFF                           00003FFF
_CP_ON                            00001FFF
_DEBUG_OFF                        00003FFF
_DEBUG_ON                         000037FF
_DEVID1                           00002006
_FOSC_EXTRC                       00003FFF
_FOSC_HS                          00003FFE
_FOSC_LP                          00003FFC
_FOSC_XT                          00003FFD
_HS_OSC                           00003FFE
_IDLOC0                           00002000
_IDLOC1                           00002001
_IDLOC2                           00002002
_IDLOC3                           00002003
_LP_OSC                           00003FFC
_LVP_OFF                          00003F7F
_LVP_ON                           00003FFF
_PWRTE_OFF                        00003FFF
_PWRTE_ON                         00003FF7
_RC_OSC                           00003FFF
_WDTE_OFF                         00003FFB
_WDTE_ON                          00003FFF
_WDT_OFF                          00003FFB
_WDT_ON                           00003FFF
_WRT_1FOURTH                      00003BFF
_WRT_256                          00003DFF
_WRT_HALF                         000039FF
_WRT_OFF                          00003FFF
_XT_OSC                           00003FFD
__16F877A                         00000001
__DEBUG                           1
MPASM  5.46                          LAB2.ASM   5-21-2024  21:23:01         PAGE 14


MEMORY USAGE MAP ('X' = Used,  '-' = Unused)


0000 : XXXXXXXXXXXXXXXX XXXXXXXXXXXXXXXX XXXXXXXXXXXXXXXX XXXXXXXXXXXXXXXX
0040 : XXXXXXXXXXXXXXXX XXXXXXXXXXXXXXXX XXXXXXXXXXXXXXXX XXXXXXXX--------
2000 : -------X-------- ---------------- ---------------- ----------------

All other memory blocks unused.

Program Memory Words Used:   120
Program Memory Words Free:  8072


Errors   :     0
Warnings :   114 reported,     0 suppressed
Messages :     7 reported,     0 suppressed

