MPASM  5.46                          LAB3.ASM   5-22-2024  10:02:43         PAGE  1


LOC  OBJECT CODE     LINE SOURCE TEXT
  VALUE

                      00001 ;200316059 Ikram Celal KESKIN
                      00002 ;200316011 Musa Sina ERTUGRUL
                      00003     LIST P=16F877A
                      00004     #include <p16f877a.inc>
                      00001         LIST
                      00002 
                      00003 ;==========================================================================
                      00004 ;  MPASM PIC16F877A processor include
                      00005 ; 
                      00006 ;  (c) Copyright 1999-2012 Microchip Technology, All rights reserved
                      00007 ;==========================================================================
                      00008 
                      00566         LIST
                      00005     
2007   3F71           00006     __CONFIG _CP_OFF & _WDT_OFF & _XT_OSC & _PWRTE_ON & _BODEN_ON & _LVP_OFF
                      00007 
                      00008     ;----------------------
                      00009     ; Deðiþken tanýmlarý
                      00010     ;----------------------
                      00011     cblock 0x20
  00000020            00012         temp_val   ; ADC sonucu saklama
  00000021            00013         temp_c     ; Sýcaklýk deðeri
  00000022            00014         temp_digit ; 7-segment için basamak deðeri
                      00015     endc
                      00016 
                      00017     ;----------------------
                      00018     ; Baþlangýç ayarlarý
                      00019     ;----------------------
                      00020     ORG 0x00
0000   2???           00021     GOTO START
                      00022 
                      00023     ORG 0x04
0004   2???           00024     GOTO START
                      00025 
0005                  00026 START:
                      00027     ; Osilatör frekansýný ayarla
0005   1683           00028     bsf STATUS, RP0
0006   1303           00029     bcf STATUS, RP1
                      00030 
                      00031     ; ADC ayarlarý
0007   1683           00032     bsf STATUS, RP0        ; Bank 1 seçimi
0008   3080           00033     movlw 0x80             ; Configure all pins as digital I/O except AN0
Message[302]: Register in operand not in bank 0.  Ensure that bank bits are correct.
0009   009F           00034     movwf ADCON1
                      00035 
000A   1283           00036     bcf STATUS, RP0        ; Bank 0 seçimi
000B   3041           00037     movlw 0x41             ; FOSC/8, ADON
000C   009F           00038     movwf ADCON0
                      00039 
                      00040     ; I/O port ayarlarý
000D   1683           00041     bsf STATUS, RP0        ; Bank 1 seçimi
000E   3001           00042     movlw 0x01             ; Configure RA0 as input (AN0)
Message[302]: Register in operand not in bank 0.  Ensure that bank bits are correct.
MPASM  5.46                          LAB3.ASM   5-22-2024  10:02:43         PAGE  2


LOC  OBJECT CODE     LINE SOURCE TEXT
  VALUE

000F   0085           00043     movwf TRISA
0010   3000           00044     movlw 0x00
Message[302]: Register in operand not in bank 0.  Ensure that bank bits are correct.
0011   0087           00045     movwf TRISC            ; PORTC tümü çýkýþ
0012   3000           00046     movlw 0x00
Message[302]: Register in operand not in bank 0.  Ensure that bank bits are correct.
0013   0088           00047     movwf TRISD            ; PORTD tümü çýkýþ
                      00048 
0014   1283           00049     bcf STATUS, RP0        ; Bank 0 seçimi
                      00050 
                      00051     ;----------------------
                      00052     ; Ana döngü
                      00053     ;----------------------
0015                  00054 MAIN_LOOP:
                      00055     ; ADC dönüþümünü baþlat
0015   151F           00056     bsf ADCON0, GO_DONE
0016   2???           00057     call WAIT_ADC
0017   191F           00058     btfsc ADCON0, GO_DONE
0018   2???           00059     goto $-1
                      00060 
                      00061     ; ADC sonucu al
0019   081E           00062     movf ADRESH, W
001A   00A0           00063     movwf temp_val
                      00064 
                      00065     ; Sýcaklýk deðerini hesapla
                      00066     ; 0-1023 -> 0-100 (yaklaþýk 0-100°C)
                      00067     ; Referans voltajý 5V -> her bir birim 4.88mV -> her bir birim yaklaþýk 0.488°C
                      00068     ; Sýcaklýk = ADC Deðeri * 0.488
001B   0820           00069     movf temp_val, W
001C   2???           00070     call CONVERT_ADC_TO_TEMP
                      00071 
                      00072     ; Sýcaklýk deðerini 7-segment göstergelere bölme
001D   0821           00073     movf temp_c, W
001E   2???           00074     call DIVIDE_TEMPERATURE
                      00075 
                      00076     ; Onlar basamaðý göster
001F   0822           00077     movf temp_digit, W
0020   2???           00078     call DISPLAY_TENS
                      00079 
                      00080     ; Birler basamaðý göster
0021   0821           00081     movf temp_c, W
0022   2???           00082     call DISPLAY_ONES
                      00083 
0023   2???           00084     goto MAIN_LOOP
                      00085 
                      00086     ;----------------------
                      00087     ; ADC Deðerini Sýcaklýða Çevirme Alt Programý
                      00088     ;----------------------
0024                  00089 CONVERT_ADC_TO_TEMP:
                      00090     ; temp_val -> temp_c
                      00091     ; ADC deðeri * 0.488
                      00092     ; Approximate by using a shift right to divide by 2 (0.5) and further adjustments
0024   0820           00093     movf temp_val, W
MPASM  5.46                          LAB3.ASM   5-22-2024  10:02:43         PAGE  3


LOC  OBJECT CODE     LINE SOURCE TEXT
  VALUE

0025   00A1           00094     movwf temp_c
0026   1003           00095     clrc
0027   0CA1           00096     rrf temp_c, F   ; temp_c = temp_val / 2 (approx 0.5)
0028   0821           00097     movf temp_c, W
0029   0008           00098     return
                      00099 
                      00100     ;----------------------
                      00101     ; Sýcaklýðý Basamaklara Bölme Alt Programý
                      00102     ;----------------------
002A                  00103 DIVIDE_TEMPERATURE:
                      00104     ; temp_c -> onlar basamaðý ve birler basamaðý
002A   3010           00105     movlw 10
002B   00A2           00106     movwf temp_digit
002C   0821           00107     movf temp_c, W
002D   2???           00108     call DIV10
002E   0821           00109     movf temp_c, W
002F   0008           00110     return
                      00111 
                      00112     ;----------------------
                      00113     ; Onlar Basamaðýný Gösterme Alt Programý
                      00114     ;----------------------
0030                  00115 DISPLAY_TENS:
                      00116     ; temp_digit -> PORTC
0030   303F           00117     movlw 0x3F
0031   0522           00118     andwf temp_digit, W
0032   0087           00119     movwf PORTC
0033   0008           00120     return
                      00121 
                      00122     ;----------------------
                      00123     ; Birler Basamaðýný Gösterme Alt Programý
                      00124     ;----------------------
0034                  00125 DISPLAY_ONES:
                      00126     ; temp_c -> PORTD
0034   303F           00127     movlw 0x3F
0035   0521           00128     andwf temp_c, W
0036   0088           00129     movwf PORTD
0037   0008           00130     return
                      00131 
                      00132     ;----------------------
                      00133     ; 10'a Bölme Alt Programý
                      00134     ;----------------------
0038                  00135 DIV10:
                      00136     ; Divide W by 10, quotient in W, remainder in temp_digit
                      00137     ; Using repeated subtraction
0038   00A2           00138     movwf temp_digit
0039   01A1           00139     clrf temp_c
003A                  00140 DIV10_LOOP:
003A   3C10           00141     sublw 10
003B   1803           00142     btfsc STATUS, C
003C   2???           00143     goto DIV10_DONE
003D   0AA1           00144     incf temp_c, F
003E   2???           00145     goto DIV10_LOOP
003F                  00146 DIV10_DONE:
MPASM  5.46                          LAB3.ASM   5-22-2024  10:02:43         PAGE  4


LOC  OBJECT CODE     LINE SOURCE TEXT
  VALUE

003F   3E10           00147     addlw 10
0040   0821           00148     movf temp_c, W
0041   0008           00149     return
                      00150 
                      00151     ;----------------------
                      00152     ; ADC Dönüþümünü Bekleme Alt Programý
                      00153     ;----------------------
0042                  00154 WAIT_ADC:
                      00155     ; Wait for ADC conversion time
                      00156     ; Assume Fosc = 4MHz, Tad = 8*Tosc = 2us, Conversion time = 11*Tad = 22us
                      00157     ; Implement a simple delay loop
0042   3022           00158     movlw 22
0043   00A2           00159     movwf temp_digit
0044                  00160 WAIT_ADC_LOOP:
0044   0000           00161     nop
0045   0000           00162     nop
0046   0BA2           00163     decfsz temp_digit, F
0047   2???           00164     goto WAIT_ADC_LOOP
0048   0008           00165     return
                      00166 
3F71                  00167     END
MPASM  5.46                          LAB3.ASM   5-22-2024  10:02:43         PAGE  5


SYMBOL TABLE
  LABEL                             VALUE 

ACKDT                             00000005
ACKEN                             00000004
ACKSTAT                           00000006
ADCON0                            0000001F
ADCON1                            0000009F
ADCS0                             00000006
ADCS1                             00000007
ADCS2                             00000006
ADDEN                             00000003
ADFM                              00000007
ADIE                              00000006
ADIF                              00000006
ADON                              00000000
ADRESH                            0000001E
ADRESL                            0000009E
BCLIE                             00000003
BCLIF                             00000003
BF                                00000000
BRGH                              00000002
C                                 00000000
C1INV                             00000004
C1OUT                             00000006
C2INV                             00000005
C2OUT                             00000007
CCP1CON                           00000017
CCP1IE                            00000002
CCP1IF                            00000002
CCP1M0                            00000000
CCP1M1                            00000001
CCP1M2                            00000002
CCP1M3                            00000003
CCP1X                             00000005
CCP1Y                             00000004
CCP2CON                           0000001D
CCP2IE                            00000000
CCP2IF                            00000000
CCP2M0                            00000000
CCP2M1                            00000001
CCP2M2                            00000002
CCP2M3                            00000003
CCP2X                             00000005
CCP2Y                             00000004
CCPR1                             00000015
CCPR1H                            00000016
CCPR1L                            00000015
CCPR2                             0000001B
CCPR2H                            0000001C
CCPR2L                            0000001B
CHS0                              00000003
CHS1                              00000004
CHS2                              00000005
CIS                               00000003
CKE                               00000006
MPASM  5.46                          LAB3.ASM   5-22-2024  10:02:43         PAGE  6


SYMBOL TABLE
  LABEL                             VALUE 

CKP                               00000004
CM0                               00000000
CM1                               00000001
CM2                               00000002
CMCON                             0000009C
CMIE                              00000006
CMIF                              00000006
CONVERT_ADC_TO_TEMP               00000024
CREN                              00000004
CSRC                              00000007
CVR0                              00000000
CVR1                              00000001
CVR2                              00000002
CVR3                              00000003
CVRCON                            0000009D
CVREN                             00000007
CVROE                             00000006
CVRR                              00000005
D                                 00000005
DATA_ADDRESS                      00000005
DC                                00000001
DISPLAY_ONES                      00000034
DISPLAY_TENS                      00000030
DIV10                             00000038
DIV10_DONE                        0000003F
DIV10_LOOP                        0000003A
DIVIDE_TEMPERATURE                0000002A
D_A                               00000005
D_NOT_A                           00000005
EEADR                             0000010D
EEADRH                            0000010F
EECON1                            0000018C
EECON2                            0000018D
EEDATA                            0000010C
EEDATH                            0000010E
EEIE                              00000004
EEIF                              00000004
EEPGD                             00000007
F                                 00000001
FERR                              00000002
FSR                               00000004
GCEN                              00000007
GIE                               00000007
GO                                00000002
GO_DONE                           00000002
GO_NOT_DONE                       00000002
I2C_DATA                          00000005
I2C_READ                          00000002
I2C_START                         00000003
I2C_STOP                          00000004
IBF                               00000007
IBOV                              00000005
INDF                              00000000
MPASM  5.46                          LAB3.ASM   5-22-2024  10:02:43         PAGE  7


SYMBOL TABLE
  LABEL                             VALUE 

INTCON                            0000000B
INTE                              00000004
INTEDG                            00000006
INTF                              00000001
IRP                               00000007
MAIN_LOOP                         00000015
NOT_A                             00000005
NOT_ADDRESS                       00000005
NOT_BO                            00000000
NOT_BOR                           00000000
NOT_DONE                          00000002
NOT_PD                            00000003
NOT_POR                           00000001
NOT_RBPU                          00000007
NOT_RC8                           00000006
NOT_T1SYNC                        00000002
NOT_TO                            00000004
NOT_TX8                           00000006
NOT_W                             00000002
NOT_WRITE                         00000002
OBF                               00000006
OERR                              00000001
OPTION_REG                        00000081
P                                 00000004
PCFG0                             00000000
PCFG1                             00000001
PCFG2                             00000002
PCFG3                             00000003
PCL                               00000002
PCLATH                            0000000A
PCON                              0000008E
PEIE                              00000006
PEN                               00000002
PIE1                              0000008C
PIE2                              0000008D
PIR1                              0000000C
PIR2                              0000000D
PORTA                             00000005
PORTB                             00000006
PORTC                             00000007
PORTD                             00000008
PORTE                             00000009
PR2                               00000092
PS0                               00000000
PS1                               00000001
PS2                               00000002
PSA                               00000003
PSPIE                             00000007
PSPIF                             00000007
PSPMODE                           00000004
R                                 00000002
RA0                               00000000
RA1                               00000001
MPASM  5.46                          LAB3.ASM   5-22-2024  10:02:43         PAGE  8


SYMBOL TABLE
  LABEL                             VALUE 

RA2                               00000002
RA3                               00000003
RA4                               00000004
RA5                               00000005
RB0                               00000000
RB1                               00000001
RB2                               00000002
RB3                               00000003
RB4                               00000004
RB5                               00000005
RB6                               00000006
RB7                               00000007
RBIE                              00000003
RBIF                              00000000
RC0                               00000000
RC1                               00000001
RC2                               00000002
RC3                               00000003
RC4                               00000004
RC5                               00000005
RC6                               00000006
RC7                               00000007
RC8_9                             00000006
RC9                               00000006
RCD8                              00000000
RCEN                              00000003
RCIE                              00000005
RCIF                              00000005
RCREG                             0000001A
RCSTA                             00000018
RD                                00000000
RD0                               00000000
RD1                               00000001
RD2                               00000002
RD3                               00000003
RD4                               00000004
RD5                               00000005
RD6                               00000006
RD7                               00000007
RE0                               00000000
RE1                               00000001
RE2                               00000002
READ_WRITE                        00000002
RP0                               00000005
RP1                               00000006
RSEN                              00000001
RX9                               00000006
RX9D                              00000000
R_NOT_W                           00000002
R_W                               00000002
S                                 00000003
SEN                               00000000
SMP                               00000007
MPASM  5.46                          LAB3.ASM   5-22-2024  10:02:43         PAGE  9


SYMBOL TABLE
  LABEL                             VALUE 

SPBRG                             00000099
SPEN                              00000007
SREN                              00000005
SSPADD                            00000093
SSPBUF                            00000013
SSPCON                            00000014
SSPCON2                           00000091
SSPEN                             00000005
SSPIE                             00000003
SSPIF                             00000003
SSPM0                             00000000
SSPM1                             00000001
SSPM2                             00000002
SSPM3                             00000003
SSPOV                             00000006
SSPSTAT                           00000094
START                             00000005
STATUS                            00000003
SYNC                              00000004
T0CS                              00000005
T0IE                              00000005
T0IF                              00000002
T0SE                              00000004
T1CKPS0                           00000004
T1CKPS1                           00000005
T1CON                             00000010
T1INSYNC                          00000002
T1OSCEN                           00000003
T1SYNC                            00000002
T2CKPS0                           00000000
T2CKPS1                           00000001
T2CON                             00000012
TMR0                              00000001
TMR0IE                            00000005
TMR0IF                            00000002
TMR1                              0000000E
TMR1CS                            00000001
TMR1H                             0000000F
TMR1IE                            00000000
TMR1IF                            00000000
TMR1L                             0000000E
TMR1ON                            00000000
TMR2                              00000011
TMR2IE                            00000001
TMR2IF                            00000001
TMR2ON                            00000002
TOUTPS0                           00000003
TOUTPS1                           00000004
TOUTPS2                           00000005
TOUTPS3                           00000006
TRISA                             00000085
TRISA0                            00000000
TRISA1                            00000001
MPASM  5.46                          LAB3.ASM   5-22-2024  10:02:43         PAGE 10


SYMBOL TABLE
  LABEL                             VALUE 

TRISA2                            00000002
TRISA3                            00000003
TRISA4                            00000004
TRISA5                            00000005
TRISB                             00000086
TRISB0                            00000000
TRISB1                            00000001
TRISB2                            00000002
TRISB3                            00000003
TRISB4                            00000004
TRISB5                            00000005
TRISB6                            00000006
TRISB7                            00000007
TRISC                             00000087
TRISC0                            00000000
TRISC1                            00000001
TRISC2                            00000002
TRISC3                            00000003
TRISC4                            00000004
TRISC5                            00000005
TRISC6                            00000006
TRISC7                            00000007
TRISD                             00000088
TRISD0                            00000000
TRISD1                            00000001
TRISD2                            00000002
TRISD3                            00000003
TRISD4                            00000004
TRISD5                            00000005
TRISD6                            00000006
TRISD7                            00000007
TRISE                             00000089
TRISE0                            00000000
TRISE1                            00000001
TRISE2                            00000002
TRMT                              00000001
TX8_9                             00000006
TX9                               00000006
TX9D                              00000000
TXD8                              00000000
TXEN                              00000005
TXIE                              00000004
TXIF                              00000004
TXREG                             00000019
TXSTA                             00000098
UA                                00000001
W                                 00000000
WAIT_ADC                          00000042
WAIT_ADC_LOOP                     00000044
WCOL                              00000007
WR                                00000001
WREN                              00000002
WRERR                             00000003
MPASM  5.46                          LAB3.ASM   5-22-2024  10:02:43         PAGE 11


SYMBOL TABLE
  LABEL                             VALUE 

Z                                 00000002
_.org_1_0018                      00000018
_BODEN_OFF                        00003FBF
_BODEN_ON                         00003FFF
_BOREN_OFF                        00003FBF
_BOREN_ON                         00003FFF
_CONFIG                           00002007
_CPD_OFF                          00003FFF
_CPD_ON                           00003EFF
_CP_ALL                           00001FFF
_CP_OFF                           00003FFF
_CP_ON                            00001FFF
_DEBUG_OFF                        00003FFF
_DEBUG_ON                         000037FF
_DEVID1                           00002006
_FOSC_EXTRC                       00003FFF
_FOSC_HS                          00003FFE
_FOSC_LP                          00003FFC
_FOSC_XT                          00003FFD
_HS_OSC                           00003FFE
_IDLOC0                           00002000
_IDLOC1                           00002001
_IDLOC2                           00002002
_IDLOC3                           00002003
_LP_OSC                           00003FFC
_LVP_OFF                          00003F7F
_LVP_ON                           00003FFF
_PWRTE_OFF                        00003FFF
_PWRTE_ON                         00003FF7
_RC_OSC                           00003FFF
_WDTE_OFF                         00003FFB
_WDTE_ON                          00003FFF
_WDT_OFF                          00003FFB
_WDT_ON                           00003FFF
_WRT_1FOURTH                      00003BFF
_WRT_256                          00003DFF
_WRT_HALF                         000039FF
_WRT_OFF                          00003FFF
_XT_OSC                           00003FFD
__16F877A                         00000001
__DEBUG                           1
temp_c                            00000021
temp_digit                        00000022
temp_val                          00000020

Errors   :     0
Warnings :     0 reported,     0 suppressed
Messages :     4 reported,     0 suppressed

