Warning[205] C:\USERS\CELAL\DESKTOP\MICROPROCESSORLAB\I)COUNTER_ON_RB0_INTERRUPT_AND_DISPLAY_ON_LCD\LAB1.ASM 4 : Found directive in column 1. (LIST)
Warning[205] C:\USERS\CELAL\DESKTOP\MICROPROCESSORLAB\I)COUNTER_ON_RB0_INTERRUPT_AND_DISPLAY_ON_LCD\LAB1.ASM 6 : Found directive in column 1. (__CONFIG)
Warning[205] C:\USERS\CELAL\DESKTOP\MICROPROCESSORLAB\I)COUNTER_ON_RB0_INTERRUPT_AND_DISPLAY_ON_LCD\LAB1.ASM 18 : Found directive in column 1. (ORG)
Warning[203] C:\USERS\CELAL\DESKTOP\MICROPROCESSORLAB\I)COUNTER_ON_RB0_INTERRUPT_AND_DISPLAY_ON_LCD\LAB1.ASM 21 : Found opcode in column 1. (CALL)
Warning[203] C:\USERS\CELAL\DESKTOP\MICROPROCESSORLAB\I)COUNTER_ON_RB0_INTERRUPT_AND_DISPLAY_ON_LCD\LAB1.ASM 22 : Found opcode in column 1. (CALL)
Warning[203] C:\USERS\CELAL\DESKTOP\MICROPROCESSORLAB\I)COUNTER_ON_RB0_INTERRUPT_AND_DISPLAY_ON_LCD\LAB1.ASM 24 : Found opcode in column 1. (MOVLW)
Warning[203] C:\USERS\CELAL\DESKTOP\MICROPROCESSORLAB\I)COUNTER_ON_RB0_INTERRUPT_AND_DISPLAY_ON_LCD\LAB1.ASM 25 : Found opcode in column 1. (CALL)
Warning[203] C:\USERS\CELAL\DESKTOP\MICROPROCESSORLAB\I)COUNTER_ON_RB0_INTERRUPT_AND_DISPLAY_ON_LCD\LAB1.ASM 26 : Found opcode in column 1. (MOVLW)
Warning[203] C:\USERS\CELAL\DESKTOP\MICROPROCESSORLAB\I)COUNTER_ON_RB0_INTERRUPT_AND_DISPLAY_ON_LCD\LAB1.ASM 27 : Found opcode in column 1. (CALL)
Warning[203] C:\USERS\CELAL\DESKTOP\MICROPROCESSORLAB\I)COUNTER_ON_RB0_INTERRUPT_AND_DISPLAY_ON_LCD\LAB1.ASM 30 : Found opcode in column 1. (BTFSS)
Warning[203] C:\USERS\CELAL\DESKTOP\MICROPROCESSORLAB\I)COUNTER_ON_RB0_INTERRUPT_AND_DISPLAY_ON_LCD\LAB1.ASM 31 : Found opcode in column 1. (GOTO)
Warning[203] C:\USERS\CELAL\DESKTOP\MICROPROCESSORLAB\I)COUNTER_ON_RB0_INTERRUPT_AND_DISPLAY_ON_LCD\LAB1.ASM 32 : Found opcode in column 1. (CALL)
Warning[203] C:\USERS\CELAL\DESKTOP\MICROPROCESSORLAB\I)COUNTER_ON_RB0_INTERRUPT_AND_DISPLAY_ON_LCD\LAB1.ASM 33 : Found opcode in column 1. (CALL)
Warning[203] C:\USERS\CELAL\DESKTOP\MICROPROCESSORLAB\I)COUNTER_ON_RB0_INTERRUPT_AND_DISPLAY_ON_LCD\LAB1.ASM 34 : Found opcode in column 1. (MOVLW)
Warning[203] C:\USERS\CELAL\DESKTOP\MICROPROCESSORLAB\I)COUNTER_ON_RB0_INTERRUPT_AND_DISPLAY_ON_LCD\LAB1.ASM 35 : Found opcode in column 1. (CALL)
Warning[203] C:\USERS\CELAL\DESKTOP\MICROPROCESSORLAB\I)COUNTER_ON_RB0_INTERRUPT_AND_DISPLAY_ON_LCD\LAB1.ASM 36 : Found opcode in column 1. (GOTO)
Warning[203] C:\USERS\CELAL\DESKTOP\MICROPROCESSORLAB\I)COUNTER_ON_RB0_INTERRUPT_AND_DISPLAY_ON_LCD\LAB1.ASM 39 : Found opcode in column 1. (MOVLW)
Warning[203] C:\USERS\CELAL\DESKTOP\MICROPROCESSORLAB\I)COUNTER_ON_RB0_INTERRUPT_AND_DISPLAY_ON_LCD\LAB1.ASM 40 : Found opcode in column 1. (CALL)
Warning[203] C:\USERS\CELAL\DESKTOP\MICROPROCESSORLAB\I)COUNTER_ON_RB0_INTERRUPT_AND_DISPLAY_ON_LCD\LAB1.ASM 41 : Found opcode in column 1. (CALL)
Warning[203] C:\USERS\CELAL\DESKTOP\MICROPROCESSORLAB\I)COUNTER_ON_RB0_INTERRUPT_AND_DISPLAY_ON_LCD\LAB1.ASM 42 : Found opcode in column 1. (MOVLW)
Warning[203] C:\USERS\CELAL\DESKTOP\MICROPROCESSORLAB\I)COUNTER_ON_RB0_INTERRUPT_AND_DISPLAY_ON_LCD\LAB1.ASM 43 : Found opcode in column 1. (CALL)
Warning[203] C:\USERS\CELAL\DESKTOP\MICROPROCESSORLAB\I)COUNTER_ON_RB0_INTERRUPT_AND_DISPLAY_ON_LCD\LAB1.ASM 44 : Found opcode in column 1. (CALL)
Warning[203] C:\USERS\CELAL\DESKTOP\MICROPROCESSORLAB\I)COUNTER_ON_RB0_INTERRUPT_AND_DISPLAY_ON_LCD\LAB1.ASM 45 : Found opcode in column 1. (MOVLW)
Warning[203] C:\USERS\CELAL\DESKTOP\MICROPROCESSORLAB\I)COUNTER_ON_RB0_INTERRUPT_AND_DISPLAY_ON_LCD\LAB1.ASM 46 : Found opcode in column 1. (CALL)
Warning[203] C:\USERS\CELAL\DESKTOP\MICROPROCESSORLAB\I)COUNTER_ON_RB0_INTERRUPT_AND_DISPLAY_ON_LCD\LAB1.ASM 47 : Found opcode in column 1. (CALL)
Warning[203] C:\USERS\CELAL\DESKTOP\MICROPROCESSORLAB\I)COUNTER_ON_RB0_INTERRUPT_AND_DISPLAY_ON_LCD\LAB1.ASM 48 : Found opcode in column 1. (MOVLW)
Warning[203] C:\USERS\CELAL\DESKTOP\MICROPROCESSORLAB\I)COUNTER_ON_RB0_INTERRUPT_AND_DISPLAY_ON_LCD\LAB1.ASM 49 : Found opcode in column 1. (CALL)
Warning[203] C:\USERS\CELAL\DESKTOP\MICROPROCESSORLAB\I)COUNTER_ON_RB0_INTERRUPT_AND_DISPLAY_ON_LCD\LAB1.ASM 50 : Found opcode in column 1. (CALL)
Warning[203] C:\USERS\CELAL\DESKTOP\MICROPROCESSORLAB\I)COUNTER_ON_RB0_INTERRUPT_AND_DISPLAY_ON_LCD\LAB1.ASM 51 : Found opcode in column 1. (MOVLW)
Warning[203] C:\USERS\CELAL\DESKTOP\MICROPROCESSORLAB\I)COUNTER_ON_RB0_INTERRUPT_AND_DISPLAY_ON_LCD\LAB1.ASM 52 : Found opcode in column 1. (CALL)
Warning[203] C:\USERS\CELAL\DESKTOP\MICROPROCESSORLAB\I)COUNTER_ON_RB0_INTERRUPT_AND_DISPLAY_ON_LCD\LAB1.ASM 53 : Found opcode in column 1. (CALL)
Warning[203] C:\USERS\CELAL\DESKTOP\MICROPROCESSORLAB\I)COUNTER_ON_RB0_INTERRUPT_AND_DISPLAY_ON_LCD\LAB1.ASM 54 : Found opcode in column 1. (MOVLW)
Warning[203] C:\USERS\CELAL\DESKTOP\MICROPROCESSORLAB\I)COUNTER_ON_RB0_INTERRUPT_AND_DISPLAY_ON_LCD\LAB1.ASM 55 : Found opcode in column 1. (CALL)
Warning[203] C:\USERS\CELAL\DESKTOP\MICROPROCESSORLAB\I)COUNTER_ON_RB0_INTERRUPT_AND_DISPLAY_ON_LCD\LAB1.ASM 56 : Found opcode in column 1. (CALL)
Warning[203] C:\USERS\CELAL\DESKTOP\MICROPROCESSORLAB\I)COUNTER_ON_RB0_INTERRUPT_AND_DISPLAY_ON_LCD\LAB1.ASM 57 : Found opcode in column 1. (MOVLW)
Warning[203] C:\USERS\CELAL\DESKTOP\MICROPROCESSORLAB\I)COUNTER_ON_RB0_INTERRUPT_AND_DISPLAY_ON_LCD\LAB1.ASM 58 : Found opcode in column 1. (CALL)
Warning[203] C:\USERS\CELAL\DESKTOP\MICROPROCESSORLAB\I)COUNTER_ON_RB0_INTERRUPT_AND_DISPLAY_ON_LCD\LAB1.ASM 59 : Found opcode in column 1. (CALL)
Warning[203] C:\USERS\CELAL\DESKTOP\MICROPROCESSORLAB\I)COUNTER_ON_RB0_INTERRUPT_AND_DISPLAY_ON_LCD\LAB1.ASM 60 : Found opcode in column 1. (MOVLW)
Warning[203] C:\USERS\CELAL\DESKTOP\MICROPROCESSORLAB\I)COUNTER_ON_RB0_INTERRUPT_AND_DISPLAY_ON_LCD\LAB1.ASM 61 : Found opcode in column 1. (CALL)
Warning[203] C:\USERS\CELAL\DESKTOP\MICROPROCESSORLAB\I)COUNTER_ON_RB0_INTERRUPT_AND_DISPLAY_ON_LCD\LAB1.ASM 62 : Found opcode in column 1. (CALL)
Warning[203] C:\USERS\CELAL\DESKTOP\MICROPROCESSORLAB\I)COUNTER_ON_RB0_INTERRUPT_AND_DISPLAY_ON_LCD\LAB1.ASM 63 : Found opcode in column 1. (RETURN)
Warning[203] C:\USERS\CELAL\DESKTOP\MICROPROCESSORLAB\I)COUNTER_ON_RB0_INTERRUPT_AND_DISPLAY_ON_LCD\LAB1.ASM 66 : Found opcode in column 1. (MOVLW)
Warning[203] C:\USERS\CELAL\DESKTOP\MICROPROCESSORLAB\I)COUNTER_ON_RB0_INTERRUPT_AND_DISPLAY_ON_LCD\LAB1.ASM 67 : Found opcode in column 1. (CALL)
Warning[203] C:\USERS\CELAL\DESKTOP\MICROPROCESSORLAB\I)COUNTER_ON_RB0_INTERRUPT_AND_DISPLAY_ON_LCD\LAB1.ASM 68 : Found opcode in column 1. (RETURN)
Warning[203] C:\USERS\CELAL\DESKTOP\MICROPROCESSORLAB\I)COUNTER_ON_RB0_INTERRUPT_AND_DISPLAY_ON_LCD\LAB1.ASM 71 : Found opcode in column 1. (MOVLW)
Warning[203] C:\USERS\CELAL\DESKTOP\MICROPROCESSORLAB\I)COUNTER_ON_RB0_INTERRUPT_AND_DISPLAY_ON_LCD\LAB1.ASM 72 : Found opcode in column 1. (CALL)
Warning[203] C:\USERS\CELAL\DESKTOP\MICROPROCESSORLAB\I)COUNTER_ON_RB0_INTERRUPT_AND_DISPLAY_ON_LCD\LAB1.ASM 73 : Found opcode in column 1. (RETURN)
Warning[205] C:\USERS\CELAL\DESKTOP\MICROPROCESSORLAB\I)COUNTER_ON_RB0_INTERRUPT_AND_DISPLAY_ON_LCD\LAB1.ASM 77 : Found directive in column 1. (BANKSEL)
Warning[203] C:\USERS\CELAL\DESKTOP\MICROPROCESSORLAB\I)COUNTER_ON_RB0_INTERRUPT_AND_DISPLAY_ON_LCD\LAB1.ASM 78 : Found opcode in column 1. (MOVLW)
Warning[203] C:\USERS\CELAL\DESKTOP\MICROPROCESSORLAB\I)COUNTER_ON_RB0_INTERRUPT_AND_DISPLAY_ON_LCD\LAB1.ASM 79 : Found opcode in column 1. (MOVWF)
Message[302] C:\USERS\CELAL\DESKTOP\MICROPROCESSORLAB\I)COUNTER_ON_RB0_INTERRUPT_AND_DISPLAY_ON_LCD\LAB1.ASM 79 : Register in operand not in bank 0.  Ensure that bank bits are correct.
Warning[203] C:\USERS\CELAL\DESKTOP\MICROPROCESSORLAB\I)COUNTER_ON_RB0_INTERRUPT_AND_DISPLAY_ON_LCD\LAB1.ASM 80 : Found opcode in column 1. (CLRF)
Message[302] C:\USERS\CELAL\DESKTOP\MICROPROCESSORLAB\I)COUNTER_ON_RB0_INTERRUPT_AND_DISPLAY_ON_LCD\LAB1.ASM 80 : Register in operand not in bank 0.  Ensure that bank bits are correct.
Warning[203] C:\USERS\CELAL\DESKTOP\MICROPROCESSORLAB\I)COUNTER_ON_RB0_INTERRUPT_AND_DISPLAY_ON_LCD\LAB1.ASM 81 : Found opcode in column 1. (CLRF)
Message[302] C:\USERS\CELAL\DESKTOP\MICROPROCESSORLAB\I)COUNTER_ON_RB0_INTERRUPT_AND_DISPLAY_ON_LCD\LAB1.ASM 81 : Register in operand not in bank 0.  Ensure that bank bits are correct.
Warning[205] C:\USERS\CELAL\DESKTOP\MICROPROCESSORLAB\I)COUNTER_ON_RB0_INTERRUPT_AND_DISPLAY_ON_LCD\LAB1.ASM 82 : Found directive in column 1. (BANKSEL)
Warning[203] C:\USERS\CELAL\DESKTOP\MICROPROCESSORLAB\I)COUNTER_ON_RB0_INTERRUPT_AND_DISPLAY_ON_LCD\LAB1.ASM 83 : Found opcode in column 1. (CLRF)
Warning[203] C:\USERS\CELAL\DESKTOP\MICROPROCESSORLAB\I)COUNTER_ON_RB0_INTERRUPT_AND_DISPLAY_ON_LCD\LAB1.ASM 84 : Found opcode in column 1. (CLRF)
Warning[203] C:\USERS\CELAL\DESKTOP\MICROPROCESSORLAB\I)COUNTER_ON_RB0_INTERRUPT_AND_DISPLAY_ON_LCD\LAB1.ASM 85 : Found opcode in column 1. (CLRF)
Warning[203] C:\USERS\CELAL\DESKTOP\MICROPROCESSORLAB\I)COUNTER_ON_RB0_INTERRUPT_AND_DISPLAY_ON_LCD\LAB1.ASM 86 : Found opcode in column 1. (RETURN)
Warning[205] C:\USERS\CELAL\DESKTOP\MICROPROCESSORLAB\I)COUNTER_ON_RB0_INTERRUPT_AND_DISPLAY_ON_LCD\LAB1.ASM 89 : Found directive in column 1. (BANKSEL)
Warning[203] C:\USERS\CELAL\DESKTOP\MICROPROCESSORLAB\I)COUNTER_ON_RB0_INTERRUPT_AND_DISPLAY_ON_LCD\LAB1.ASM 90 : Found opcode in column 1. (BCF)
Warning[203] C:\USERS\CELAL\DESKTOP\MICROPROCESSORLAB\I)COUNTER_ON_RB0_INTERRUPT_AND_DISPLAY_ON_LCD\LAB1.ASM 91 : Found opcode in column 1. (MOVLW)
Warning[203] C:\USERS\CELAL\DESKTOP\MICROPROCESSORLAB\I)COUNTER_ON_RB0_INTERRUPT_AND_DISPLAY_ON_LCD\LAB1.ASM 92 : Found opcode in column 1. (SUBWF)
Warning[203] C:\USERS\CELAL\DESKTOP\MICROPROCESSORLAB\I)COUNTER_ON_RB0_INTERRUPT_AND_DISPLAY_ON_LCD\LAB1.ASM 93 : Found opcode in column 1. (BTFSS)
Warning[203] C:\USERS\CELAL\DESKTOP\MICROPROCESSORLAB\I)COUNTER_ON_RB0_INTERRUPT_AND_DISPLAY_ON_LCD\LAB1.ASM 94 : Found opcode in column 1. (GOTO)
Warning[203] C:\USERS\CELAL\DESKTOP\MICROPROCESSORLAB\I)COUNTER_ON_RB0_INTERRUPT_AND_DISPLAY_ON_LCD\LAB1.ASM 95 : Found opcode in column 1. (CLRF)
Warning[203] C:\USERS\CELAL\DESKTOP\MICROPROCESSORLAB\I)COUNTER_ON_RB0_INTERRUPT_AND_DISPLAY_ON_LCD\LAB1.ASM 97 : Found opcode in column 1. (MOVLW)
Warning[203] C:\USERS\CELAL\DESKTOP\MICROPROCESSORLAB\I)COUNTER_ON_RB0_INTERRUPT_AND_DISPLAY_ON_LCD\LAB1.ASM 98 : Found opcode in column 1. (ADDWF)
Warning[203] C:\USERS\CELAL\DESKTOP\MICROPROCESSORLAB\I)COUNTER_ON_RB0_INTERRUPT_AND_DISPLAY_ON_LCD\LAB1.ASM 99 : Found opcode in column 1. (CALL)
Warning[203] C:\USERS\CELAL\DESKTOP\MICROPROCESSORLAB\I)COUNTER_ON_RB0_INTERRUPT_AND_DISPLAY_ON_LCD\LAB1.ASM 100 : Found opcode in column 1. (CALL)
Warning[203] C:\USERS\CELAL\DESKTOP\MICROPROCESSORLAB\I)COUNTER_ON_RB0_INTERRUPT_AND_DISPLAY_ON_LCD\LAB1.ASM 101 : Found opcode in column 1. (MOVLW)
Warning[203] C:\USERS\CELAL\DESKTOP\MICROPROCESSORLAB\I)COUNTER_ON_RB0_INTERRUPT_AND_DISPLAY_ON_LCD\LAB1.ASM 102 : Found opcode in column 1. (ADDWF)
Warning[203] C:\USERS\CELAL\DESKTOP\MICROPROCESSORLAB\I)COUNTER_ON_RB0_INTERRUPT_AND_DISPLAY_ON_LCD\LAB1.ASM 103 : Found opcode in column 1. (CALL)
Warning[203] C:\USERS\CELAL\DESKTOP\MICROPROCESSORLAB\I)COUNTER_ON_RB0_INTERRUPT_AND_DISPLAY_ON_LCD\LAB1.ASM 104 : Found opcode in column 1. (CALL)
Warning[203] C:\USERS\CELAL\DESKTOP\MICROPROCESSORLAB\I)COUNTER_ON_RB0_INTERRUPT_AND_DISPLAY_ON_LCD\LAB1.ASM 105 : Found opcode in column 1. (INCF)
Message[305] C:\USERS\CELAL\DESKTOP\MICROPROCESSORLAB\I)COUNTER_ON_RB0_INTERRUPT_AND_DISPLAY_ON_LCD\LAB1.ASM 105 : Using default destination of 1 (file).
Warning[203] C:\USERS\CELAL\DESKTOP\MICROPROCESSORLAB\I)COUNTER_ON_RB0_INTERRUPT_AND_DISPLAY_ON_LCD\LAB1.ASM 106 : Found opcode in column 1. (BCF)
Warning[203] C:\USERS\CELAL\DESKTOP\MICROPROCESSORLAB\I)COUNTER_ON_RB0_INTERRUPT_AND_DISPLAY_ON_LCD\LAB1.ASM 107 : Found opcode in column 1. (MOVLW)
Warning[203] C:\USERS\CELAL\DESKTOP\MICROPROCESSORLAB\I)COUNTER_ON_RB0_INTERRUPT_AND_DISPLAY_ON_LCD\LAB1.ASM 108 : Found opcode in column 1. (SUBWF)
Warning[203] C:\USERS\CELAL\DESKTOP\MICROPROCESSORLAB\I)COUNTER_ON_RB0_INTERRUPT_AND_DISPLAY_ON_LCD\LAB1.ASM 109 : Found opcode in column 1. (BTFSS)
Warning[203] C:\USERS\CELAL\DESKTOP\MICROPROCESSORLAB\I)COUNTER_ON_RB0_INTERRUPT_AND_DISPLAY_ON_LCD\LAB1.ASM 110 : Found opcode in column 1. (RETURN)
Warning[203] C:\USERS\CELAL\DESKTOP\MICROPROCESSORLAB\I)COUNTER_ON_RB0_INTERRUPT_AND_DISPLAY_ON_LCD\LAB1.ASM 111 : Found opcode in column 1. (INCF)
Message[305] C:\USERS\CELAL\DESKTOP\MICROPROCESSORLAB\I)COUNTER_ON_RB0_INTERRUPT_AND_DISPLAY_ON_LCD\LAB1.ASM 111 : Using default destination of 1 (file).
Warning[203] C:\USERS\CELAL\DESKTOP\MICROPROCESSORLAB\I)COUNTER_ON_RB0_INTERRUPT_AND_DISPLAY_ON_LCD\LAB1.ASM 112 : Found opcode in column 1. (RETURN)
Warning[203] C:\USERS\CELAL\DESKTOP\MICROPROCESSORLAB\I)COUNTER_ON_RB0_INTERRUPT_AND_DISPLAY_ON_LCD\LAB1.ASM 115 : Found opcode in column 1. (MOVLW)
Warning[203] C:\USERS\CELAL\DESKTOP\MICROPROCESSORLAB\I)COUNTER_ON_RB0_INTERRUPT_AND_DISPLAY_ON_LCD\LAB1.ASM 116 : Found opcode in column 1. (CALL)
Warning[203] C:\USERS\CELAL\DESKTOP\MICROPROCESSORLAB\I)COUNTER_ON_RB0_INTERRUPT_AND_DISPLAY_ON_LCD\LAB1.ASM 117 : Found opcode in column 1. (MOVLW)
Warning[203] C:\USERS\CELAL\DESKTOP\MICROPROCESSORLAB\I)COUNTER_ON_RB0_INTERRUPT_AND_DISPLAY_ON_LCD\LAB1.ASM 118 : Found opcode in column 1. (CALL)
Warning[203] C:\USERS\CELAL\DESKTOP\MICROPROCESSORLAB\I)COUNTER_ON_RB0_INTERRUPT_AND_DISPLAY_ON_LCD\LAB1.ASM 119 : Found opcode in column 1. (MOVLW)
Warning[203] C:\USERS\CELAL\DESKTOP\MICROPROCESSORLAB\I)COUNTER_ON_RB0_INTERRUPT_AND_DISPLAY_ON_LCD\LAB1.ASM 120 : Found opcode in column 1. (CALL)
Warning[203] C:\USERS\CELAL\DESKTOP\MICROPROCESSORLAB\I)COUNTER_ON_RB0_INTERRUPT_AND_DISPLAY_ON_LCD\LAB1.ASM 121 : Found opcode in column 1. (MOVLW)
Warning[203] C:\USERS\CELAL\DESKTOP\MICROPROCESSORLAB\I)COUNTER_ON_RB0_INTERRUPT_AND_DISPLAY_ON_LCD\LAB1.ASM 122 : Found opcode in column 1. (CALL)
Warning[203] C:\USERS\CELAL\DESKTOP\MICROPROCESSORLAB\I)COUNTER_ON_RB0_INTERRUPT_AND_DISPLAY_ON_LCD\LAB1.ASM 123 : Found opcode in column 1. (RETURN)
Warning[203] C:\USERS\CELAL\DESKTOP\MICROPROCESSORLAB\I)COUNTER_ON_RB0_INTERRUPT_AND_DISPLAY_ON_LCD\LAB1.ASM 126 : Found opcode in column 1. (BCF)
Warning[203] C:\USERS\CELAL\DESKTOP\MICROPROCESSORLAB\I)COUNTER_ON_RB0_INTERRUPT_AND_DISPLAY_ON_LCD\LAB1.ASM 127 : Found opcode in column 1. (BCF)
Warning[203] C:\USERS\CELAL\DESKTOP\MICROPROCESSORLAB\I)COUNTER_ON_RB0_INTERRUPT_AND_DISPLAY_ON_LCD\LAB1.ASM 128 : Found opcode in column 1. (BSF)
Warning[203] C:\USERS\CELAL\DESKTOP\MICROPROCESSORLAB\I)COUNTER_ON_RB0_INTERRUPT_AND_DISPLAY_ON_LCD\LAB1.ASM 129 : Found opcode in column 1. (MOVWF)
Warning[203] C:\USERS\CELAL\DESKTOP\MICROPROCESSORLAB\I)COUNTER_ON_RB0_INTERRUPT_AND_DISPLAY_ON_LCD\LAB1.ASM 130 : Found opcode in column 1. (CALL)
Warning[204] C:\USERS\CELAL\DESKTOP\MICROPROCESSORLAB\I)COUNTER_ON_RB0_INTERRUPT_AND_DISPLAY_ON_LCD\LAB1.ASM 131 : Found pseudo-op in column 1. (MOVFW)
Warning[205] C:\USERS\CELAL\DESKTOP\MICROPROCESSORLAB\I)COUNTER_ON_RB0_INTERRUPT_AND_DISPLAY_ON_LCD\LAB1.ASM 132 : Found directive in column 1. (BANKSEL)
Warning[203] C:\USERS\CELAL\DESKTOP\MICROPROCESSORLAB\I)COUNTER_ON_RB0_INTERRUPT_AND_DISPLAY_ON_LCD\LAB1.ASM 133 : Found opcode in column 1. (MOVWF)
Warning[203] C:\USERS\CELAL\DESKTOP\MICROPROCESSORLAB\I)COUNTER_ON_RB0_INTERRUPT_AND_DISPLAY_ON_LCD\LAB1.ASM 134 : Found opcode in column 1. (BCF)
Warning[203] C:\USERS\CELAL\DESKTOP\MICROPROCESSORLAB\I)COUNTER_ON_RB0_INTERRUPT_AND_DISPLAY_ON_LCD\LAB1.ASM 135 : Found opcode in column 1. (RETURN)
Warning[203] C:\USERS\CELAL\DESKTOP\MICROPROCESSORLAB\I)COUNTER_ON_RB0_INTERRUPT_AND_DISPLAY_ON_LCD\LAB1.ASM 138 : Found opcode in column 1. (BSF)
Warning[203] C:\USERS\CELAL\DESKTOP\MICROPROCESSORLAB\I)COUNTER_ON_RB0_INTERRUPT_AND_DISPLAY_ON_LCD\LAB1.ASM 139 : Found opcode in column 1. (BCF)
Warning[203] C:\USERS\CELAL\DESKTOP\MICROPROCESSORLAB\I)COUNTER_ON_RB0_INTERRUPT_AND_DISPLAY_ON_LCD\LAB1.ASM 140 : Found opcode in column 1. (BSF)
Warning[203] C:\USERS\CELAL\DESKTOP\MICROPROCESSORLAB\I)COUNTER_ON_RB0_INTERRUPT_AND_DISPLAY_ON_LCD\LAB1.ASM 141 : Found opcode in column 1. (MOVWF)
Warning[203] C:\USERS\CELAL\DESKTOP\MICROPROCESSORLAB\I)COUNTER_ON_RB0_INTERRUPT_AND_DISPLAY_ON_LCD\LAB1.ASM 142 : Found opcode in column 1. (CALL)
Warning[204] C:\USERS\CELAL\DESKTOP\MICROPROCESSORLAB\I)COUNTER_ON_RB0_INTERRUPT_AND_DISPLAY_ON_LCD\LAB1.ASM 143 : Found pseudo-op in column 1. (MOVFW)
Warning[205] C:\USERS\CELAL\DESKTOP\MICROPROCESSORLAB\I)COUNTER_ON_RB0_INTERRUPT_AND_DISPLAY_ON_LCD\LAB1.ASM 144 : Found directive in column 1. (BANKSEL)
Warning[203] C:\USERS\CELAL\DESKTOP\MICROPROCESSORLAB\I)COUNTER_ON_RB0_INTERRUPT_AND_DISPLAY_ON_LCD\LAB1.ASM 145 : Found opcode in column 1. (MOVWF)
Warning[203] C:\USERS\CELAL\DESKTOP\MICROPROCESSORLAB\I)COUNTER_ON_RB0_INTERRUPT_AND_DISPLAY_ON_LCD\LAB1.ASM 146 : Found opcode in column 1. (BCF)
Warning[203] C:\USERS\CELAL\DESKTOP\MICROPROCESSORLAB\I)COUNTER_ON_RB0_INTERRUPT_AND_DISPLAY_ON_LCD\LAB1.ASM 147 : Found opcode in column 1. (RETURN)
Warning[203] C:\USERS\CELAL\DESKTOP\MICROPROCESSORLAB\I)COUNTER_ON_RB0_INTERRUPT_AND_DISPLAY_ON_LCD\LAB1.ASM 150 : Found opcode in column 1. (MOVLW)
Warning[203] C:\USERS\CELAL\DESKTOP\MICROPROCESSORLAB\I)COUNTER_ON_RB0_INTERRUPT_AND_DISPLAY_ON_LCD\LAB1.ASM 151 : Found opcode in column 1. (MOVWF)
Warning[207] C:\USERS\CELAL\DESKTOP\MICROPROCESSORLAB\I)COUNTER_ON_RB0_INTERRUPT_AND_DISPLAY_ON_LCD\LAB1.ASM 155 : Found label after column 1. (L2)
Message[305] C:\USERS\CELAL\DESKTOP\MICROPROCESSORLAB\I)COUNTER_ON_RB0_INTERRUPT_AND_DISPLAY_ON_LCD\LAB1.ASM 156 : Using default destination of 1 (file).
Message[305] C:\USERS\CELAL\DESKTOP\MICROPROCESSORLAB\I)COUNTER_ON_RB0_INTERRUPT_AND_DISPLAY_ON_LCD\LAB1.ASM 158 : Using default destination of 1 (file).
Warning[203] C:\USERS\CELAL\DESKTOP\MICROPROCESSORLAB\I)COUNTER_ON_RB0_INTERRUPT_AND_DISPLAY_ON_LCD\LAB1.ASM 160 : Found opcode in column 1. (RETURN)
Warning[205] C:\USERS\CELAL\DESKTOP\MICROPROCESSORLAB\I)COUNTER_ON_RB0_INTERRUPT_AND_DISPLAY_ON_LCD\LAB1.ASM 162 : Found directive in column 1. (END)
